<?xml version="1.0" encoding="UTF-8"?>
<testsuite xmlns:xsi="http://www.w3.org/2001/XMLSchema-instance" xsi:noNamespaceSchemaLocation="https://maven.apache.org/surefire/maven-surefire-plugin/xsd/surefire-test-report.xsd" name="NguyenToTester" time="0.333" tests="17" errors="0" skipped="0" failures="0">
  <properties>
    <property name="java.specification.version" value="17"/>
    <property name="sun.cpu.isalist" value="amd64"/>
    <property name="sun.jnu.encoding" value="Cp1252"/>
    <property name="java.class.path" value="D:\KTPM\TestJDK17\target\test-classes;D:\KTPM\TestJDK17\target\classes;C:\Users\thao4\.m2\repository\org\junit\jupiter\junit-jupiter-engine\5.10.2\junit-jupiter-engine-5.10.2.jar;C:\Users\thao4\.m2\repository\org\junit\platform\junit-platform-engine\1.10.2\junit-platform-engine-1.10.2.jar;C:\Users\thao4\.m2\repository\org\opentest4j\opentest4j\1.3.0\opentest4j-1.3.0.jar;C:\Users\thao4\.m2\repository\org\junit\platform\junit-platform-commons\1.10.2\junit-platform-commons-1.10.2.jar;C:\Users\thao4\.m2\repository\org\junit\jupiter\junit-jupiter-api\5.10.2\junit-jupiter-api-5.10.2.jar;C:\Users\thao4\.m2\repository\org\apiguardian\apiguardian-api\1.1.2\apiguardian-api-1.1.2.jar;C:\Users\thao4\.m2\repository\org\junit\jupiter\junit-jupiter-params\5.10.2\junit-jupiter-params-5.10.2.jar;"/>
    <property name="java.vm.vendor" value="Oracle Corporation"/>
    <property name="sun.arch.data.model" value="64"/>
    <property name="user.variant" value=""/>
    <property name="java.vendor.url" value="https://java.oracle.com/"/>
    <property name="user.timezone" value="Asia/Saigon"/>
    <property name="user.country.format" value="001"/>
    <property name="os.name" value="Windows 11"/>
    <property name="java.vm.specification.version" value="17"/>
    <property name="user.country" value="US"/>
    <property name="sun.java.launcher" value="SUN_STANDARD"/>
    <property name="sun.boot.library.path" value="C:\Program Files\Java\jdk-17\bin"/>
    <property name="sun.java.command" value="C:\Users\thao4\AppData\Local\Temp\surefire1070104262439878349\surefirebooter6574185299632835222.jar C:\Users\thao4\AppData\Local\Temp\surefire1070104262439878349 2024-03-18T13-46-03_334-jvmRun1 surefire12907644609292032783tmp surefire_03568115530511953400tmp"/>
    <property name="jdk.debug" value="release"/>
    <property name="test" value="NguyenToTester"/>
    <property name="surefire.test.class.path" value="D:\KTPM\TestJDK17\target\test-classes;D:\KTPM\TestJDK17\target\classes;C:\Users\thao4\.m2\repository\org\junit\jupiter\junit-jupiter-engine\5.10.2\junit-jupiter-engine-5.10.2.jar;C:\Users\thao4\.m2\repository\org\junit\platform\junit-platform-engine\1.10.2\junit-platform-engine-1.10.2.jar;C:\Users\thao4\.m2\repository\org\opentest4j\opentest4j\1.3.0\opentest4j-1.3.0.jar;C:\Users\thao4\.m2\repository\org\junit\platform\junit-platform-commons\1.10.2\junit-platform-commons-1.10.2.jar;C:\Users\thao4\.m2\repository\org\junit\jupiter\junit-jupiter-api\5.10.2\junit-jupiter-api-5.10.2.jar;C:\Users\thao4\.m2\repository\org\apiguardian\apiguardian-api\1.1.2\apiguardian-api-1.1.2.jar;C:\Users\thao4\.m2\repository\org\junit\jupiter\junit-jupiter-params\5.10.2\junit-jupiter-params-5.10.2.jar;"/>
    <property name="sun.cpu.endian" value="little"/>
    <property name="user.home" value="C:\Users\thao4"/>
    <property name="user.language" value="en"/>
    <property name="java.specification.vendor" value="Oracle Corporation"/>
    <property name="java.version.date" value="2024-01-16"/>
    <property name="java.home" value="C:\Program Files\Java\jdk-17"/>
    <property name="file.separator" value="\"/>
    <property name="basedir" value="D:\KTPM\TestJDK17"/>
    <property name="java.vm.compressedOopsMode" value="Zero based"/>
    <property name="line.separator" value="&#10;"/>
    <property name="java.vm.specification.vendor" value="Oracle Corporation"/>
    <property name="java.specification.name" value="Java Platform API Specification"/>
    <property name="surefire.real.class.path" value="C:\Users\thao4\AppData\Local\Temp\surefire1070104262439878349\surefirebooter6574185299632835222.jar"/>
    <property name="user.script" value=""/>
    <property name="sun.management.compiler" value="HotSpot 64-Bit Tiered Compilers"/>
    <property name="java.runtime.version" value="17.0.10+11-LTS-240"/>
    <property name="user.name" value="thao4"/>
    <property name="path.separator" value=";"/>
    <property name="os.version" value="10.0"/>
    <property name="java.runtime.name" value="Java(TM) SE Runtime Environment"/>
    <property name="file.encoding" value="Cp1252"/>
    <property name="java.vm.name" value="Java HotSpot(TM) 64-Bit Server VM"/>
    <property name="maven.ext.class.path" value="D:\NetBeans-21\netbeans\java\maven-nblib\netbeans-eventspy.jar"/>
    <property name="localRepository" value="C:\Users\thao4\.m2\repository"/>
    <property name="java.vendor.url.bug" value="https://bugreport.java.com/bugreport/"/>
    <property name="java.io.tmpdir" value="C:\Users\thao4\AppData\Local\Temp\"/>
    <property name="java.version" value="17.0.10"/>
    <property name="user.dir" value="D:\KTPM\TestJDK17"/>
    <property name="os.arch" value="amd64"/>
    <property name="java.vm.specification.name" value="Java Virtual Machine Specification"/>
    <property name="sun.os.patch.level" value=""/>
    <property name="native.encoding" value="Cp1252"/>
    <property name="java.library.path" value="C:\Program Files\Java\jdk-17\bin;C:\WINDOWS\Sun\Java\bin;C:\WINDOWS\system32;C:\WINDOWS;C:\Program Files\Common Files\Oracle\Java\javapath;C:\WINDOWS\system32;C:\WINDOWS;C:\WINDOWS\System32\Wbem;C:\WINDOWS\System32\WindowsPowerShell\v1.0\;C:\WINDOWS\System32\OpenSSH\;C:\Program Files\dotnet\;C:\Program Files\Microsoft SQL Server\150\Tools\Binn\;C:\Program Files\Microsoft SQL Server\Client SDK\ODBC\170\Tools\Binn\;C:\Program Files (x86)\Windows Kits\10\Windows Performance Toolkit\;C:\Program Files (x86)\Microsoft SQL Server\160\DTS\Binn\;C:\Program Files\Azure Data Studio\bin;C:\Program Files (x86)\Microsoft SQL Server\150\Tools\Binn\;C:\Program Files\Microsoft SQL Server\150\DTS\Binn\;C:\Program Files\Docker\Docker\resources\bin;D:\.git\Git\cmd;C:\Program Files\OpenSSL-Win64\bin;C:\Program Files\nodejs\;C:\php-8.3.4;C:\composer;C:\Users\thao4\AppData\Local\Programs\Python\Launcher\;C:\Users\thao4\AppData\Local\Microsoft\WindowsApps;D:\Microsoft VS Code\bin;C:\Users\thao4\.dotnet\tools;C:\Program Files\Azure Data Studio\bin;C:\Users\thao4\AppData\Roaming\Composer\vendor\bin;C:\Users\thao4\AppData\Roaming\npm;."/>
    <property name="java.vm.info" value="mixed mode, sharing"/>
    <property name="java.vendor" value="Oracle Corporation"/>
    <property name="java.vm.version" value="17.0.10+11-LTS-240"/>
    <property name="sun.io.unicode.encoding" value="UnicodeLittle"/>
    <property name="java.class.version" value="61.0"/>
  </properties>
  <testcase name="testException" classname="NguyenToTester" time="0.037"/>
  <testcase name="testCSV{int, boolean}[1]" classname="NguyenToTester" time="0.05"/>
  <testcase name="testCSV{int, boolean}[2]" classname="NguyenToTester" time="0.001"/>
  <testcase name="testCSV{int, boolean}[3]" classname="NguyenToTester" time="0.001"/>
  <testcase name="testCSV{int, boolean}[4]" classname="NguyenToTester" time="0.002"/>
  <testcase name="testCSVFile{int, boolean}[1]" classname="NguyenToTester" time="0.001"/>
  <testcase name="testCSVFile{int, boolean}[2]" classname="NguyenToTester" time="0.001"/>
  <testcase name="testMethod{int, boolean}[1]" classname="NguyenToTester" time="0.001"/>
  <testcase name="testMethod{int, boolean}[2]" classname="NguyenToTester" time="0.001"/>
  <testcase name="testOddNum{int}[1]" classname="NguyenToTester" time="0.001"/>
  <testcase name="testOddNum{int}[2]" classname="NguyenToTester" time="0.001"/>
  <testcase name="testOddNum{int}[3]" classname="NguyenToTester" time="0.001"/>
  <testcase name="testOddNum{int}[4]" classname="NguyenToTester" time="0.001"/>
  <testcase name="testOddNum{int}[5]" classname="NguyenToTester" time="0"/>
  <testcase name="testOddNum{int}[6]" classname="NguyenToTester" time="0.001"/>
  <testcase name="TestOddNumber" classname="NguyenToTester" time="0"/>
  <testcase name="testNumber1" classname="NguyenToTester" time="0.001"/>
</testsuite>